17:42:04 **** Rebuild of configuration Debug for project StringProject ****
Info: Internal Builder is used for build
gcc -O0 -g3 -Wall -c -fmessage-length=0 -o "src\\StringProject.o" "..\\src\\StringProject.c" 
gcc -o StringProject.exe "src\\StringProject.o" 
17:42:14 **** Incremental Build of configuration Debug for project StringProject ****
Info: Internal Builder is used for build
gcc -O0 -g3 -Wall -c -fmessage-length=0 -o "src\\StringProject.o" "..\\src\\StringProject.c" 
..\src\StringProject.c: In function 'main':
..\src\StringProject.c:18:9: warning: too many arguments for format [-Wformat-extra-args]
  printf("s", name);
         ^~~
..\src\StringProject.c:18:9: warning: too many arguments for format [-Wformat-extra-args]
gcc -o StringProject.exe "src\\StringProject.o" 
17:43:03 **** Incremental Build of configuration Debug for project StringProject ****
Info: Internal Builder is used for build
gcc -O0 -g3 -Wall -c -fmessage-length=0 -o "src\\StringProject.o" "..\\src\\StringProject.c" 
gcc -o StringProject.exe "src\\StringProject.o" 
17:43:31 **** Incremental Build of configuration Debug for project StringProject ****
Info: Internal Builder is used for build
gcc -O0 -g3 -Wall -c -fmessage-length=0 -o "src\\StringProject.o" "..\\src\\StringProject.c" 
gcc -o StringProject.exe "src\\StringProject.o" 
